\BOOKMARK [1][-]{section.1}{\376\377\000I\000n\000t\000r\000o\000d\000u\000c\000c\000i\000\363\000n\000\040\000y\000\040\000M\000o\000t\000i\000v\000a\000c\000i\000\363\000n}{}% 1
\BOOKMARK [1][-]{section.2}{\376\377\000F\000u\000n\000d\000a\000m\000e\000n\000t\000o\000s\000\040\000T\000e\000\363\000r\000i\000c\000o\000s\000\040\000d\000e\000\040\000l\000a\000s\000\040\000G\000A\000N\000s}{}% 2
\BOOKMARK [2][-]{subsection.2.1}{\376\377\000C\000o\000n\000t\000e\000x\000t\000o\000:\000\040\000M\000o\000d\000e\000l\000o\000s\000\040\000G\000e\000n\000e\000r\000a\000t\000i\000v\000o\000s}{section.2}% 3
\BOOKMARK [2][-]{subsection.2.2}{\376\377\000E\000l\000\040\000F\000r\000a\000m\000e\000w\000o\000r\000k\000\040\000G\000A\000N\000\040\000O\000r\000i\000g\000i\000n\000a\000l}{section.2}% 4
\BOOKMARK [2][-]{subsection.2.3}{\376\377\000L\000a\000\040\000F\000u\000n\000c\000i\000\363\000n\000\040\000O\000b\000j\000e\000t\000i\000v\000o\000\040\000M\000i\000n\000i\000m\000a\000x}{section.2}% 5
\BOOKMARK [2][-]{subsection.2.4}{\376\377\000L\000a\000\040\000D\000i\000s\000t\000r\000i\000b\000u\000c\000i\000\363\000n\000\040\000N\000o\000r\000m\000a\000l\000\040\000c\000o\000m\000o\000\040\000E\000s\000p\000a\000c\000i\000o\000\040\000L\000a\000t\000e\000n\000t\000e}{section.2}% 6
\BOOKMARK [2][-]{subsection.2.5}{\376\377\000E\000l\000\040\000E\000q\000u\000i\000l\000i\000b\000r\000i\000o\000\040\000d\000e\000\040\000N\000a\000s\000h\000\040\000y\000\040\000l\000a\000\040\000C\000o\000n\000v\000e\000r\000g\000e\000n\000c\000i\000a}{section.2}% 7
\BOOKMARK [2][-]{subsection.2.6}{\376\377\000A\000l\000g\000o\000r\000i\000t\000m\000o\000\040\000d\000e\000\040\000E\000n\000t\000r\000e\000n\000a\000m\000i\000e\000n\000t\000o}{section.2}% 8
\BOOKMARK [1][-]{section.3}{\376\377\000V\000a\000r\000i\000a\000n\000t\000e\000s\000\040\000y\000\040\000M\000e\000j\000o\000r\000a\000s\000\040\000d\000e\000\040\000l\000a\000s\000\040\000G\000A\000N\000s}{}% 9
\BOOKMARK [2][-]{subsection.3.1}{\376\377\000D\000C\000G\000A\000N\000:\000\040\000D\000e\000e\000p\000\040\000C\000o\000n\000v\000o\000l\000u\000t\000i\000o\000n\000a\000l\000\040\000G\000A\000N}{section.3}% 10
\BOOKMARK [2][-]{subsection.3.2}{\376\377\000C\000o\000n\000d\000i\000t\000i\000o\000n\000a\000l\000\040\000G\000A\000N\000\040\000\050\000c\000G\000A\000N\000\051}{section.3}% 11
\BOOKMARK [2][-]{subsection.3.3}{\376\377\000W\000G\000A\000N\000\040\000y\000\040\000W\000G\000A\000N\000-\000G\000P}{section.3}% 12
\BOOKMARK [3][-]{subsubsection.3.3.1}{\376\377\000P\000r\000o\000b\000l\000e\000m\000a\000s\000\040\000d\000e\000l\000\040\000G\000A\000N\000\040\000o\000r\000i\000g\000i\000n\000a\000l}{subsection.3.3}% 13
\BOOKMARK [3][-]{subsubsection.3.3.2}{\376\377\000W\000G\000A\000N\000-\000G\000P\000\040\000\050\000G\000u\000l\000r\000a\000j\000a\000n\000i\000\040\000e\000t\000\040\000a\000l\000.\000,\000\040\0002\0000\0001\0007\000\051}{subsection.3.3}% 14
\BOOKMARK [1][-]{section.4}{\376\377\000D\000e\000s\000c\000r\000i\000p\000c\000i\000\363\000n\000\040\000d\000e\000l\000\040\000P\000r\000o\000y\000e\000c\000t\000o}{}% 15
\BOOKMARK [2][-]{subsection.4.1}{\376\377\000O\000b\000j\000e\000t\000i\000v\000o\000s}{section.4}% 16
\BOOKMARK [2][-]{subsection.4.2}{\376\377\000P\000i\000p\000e\000l\000i\000n\000e\000\040\000G\000e\000n\000e\000r\000a\000l}{section.4}% 17
\BOOKMARK [1][-]{section.5}{\376\377\000D\000a\000t\000a\000s\000e\000t\000s}{}% 18
\BOOKMARK [2][-]{subsection.5.1}{\376\377\000N\000O\000M\000O\0003\000D\000:\000\040\000M\000e\000d\000i\000d\000a\000s\000\040\000A\000n\000t\000r\000o\000p\000o\000m\000\351\000t\000r\000i\000c\000a\000s}{section.5}% 19
\BOOKMARK [2][-]{subsection.5.2}{\376\377\000S\000M\000P\000L\000:\000\040\000M\000o\000d\000e\000l\000o\000\040\000P\000a\000r\000a\000m\000\351\000t\000r\000i\000c\000o\000\040\000d\000e\000\040\000C\000u\000e\000r\000p\000o\000\040\000H\000u\000m\000a\000n\000o}{section.5}% 20
\BOOKMARK [2][-]{subsection.5.3}{\376\377\000T\000N\000T\0001\0005\000:\000\040\000D\000a\000t\000a\000s\000e\000t\000\040\000d\000e\000\040\000S\000i\000l\000u\000e\000t\000a\000s}{section.5}% 21
\BOOKMARK [1][-]{section.6}{\376\377\000A\000r\000q\000u\000i\000t\000e\000c\000t\000u\000r\000a\000\040\000d\000e\000l\000\040\000S\000i\000s\000t\000e\000m\000a}{}% 22
\BOOKMARK [2][-]{subsection.6.1}{\376\377\000P\000i\000p\000e\000l\000i\000n\000e\000\040\000T\000a\000b\000u\000l\000a\000r\000\040\000M\000L\000P\000:\000\040\000M\000e\000d\000i\000d\000a\000s\000\040\000\040\000C\000u\000e\000r\000p\000o\000\040\000S\000M\000P\000L}{section.6}% 23
\BOOKMARK [2][-]{subsection.6.2}{\376\377\000P\000i\000p\000e\000l\000i\000n\000e\000\040\000d\000e\000\040\000I\000m\000a\000g\000e\000n\000:\000\040\000R\000u\000i\000d\000o\000\040\000\040\000S\000i\000l\000u\000e\000t\000a\000\040\000H\000u\000m\000a\000n\000a}{section.6}% 24
\BOOKMARK [2][-]{subsection.6.3}{\376\377\000P\000i\000p\000e\000l\000i\000n\000e\000\040\000T\000a\000b\000\040\000T\000r\000a\000n\000s\000f\000o\000r\000m\000e\000r\000:\000\040\000N\000u\000b\000e\000\040\000d\000e\000\040\000P\000u\000n\000t\000o\000s\000\040\000\040\000C\000u\000e\000r\000p\000o\000\040\000S\000M\000P\000L}{section.6}% 25
\BOOKMARK [1][-]{section.7}{\376\377\000M\000o\000d\000e\000l\000o\000s\000\040\000I\000m\000p\000l\000e\000m\000e\000n\000t\000a\000d\000o\000s}{}% 26
\BOOKMARK [2][-]{subsection.7.1}{\376\377\000G\000e\000n\000e\000r\000a\000d\000o\000r\000\040\000T\000a\000b\000u\000l\000a\000r\000\040\000C\000o\000n\000d\000i\000c\000i\000o\000n\000a\000l}{section.7}% 27
\BOOKMARK [2][-]{subsection.7.2}{\376\377\000D\000i\000s\000c\000r\000i\000m\000i\000n\000a\000d\000o\000r\000\040\000T\000a\000b\000u\000l\000a\000r}{section.7}% 28
\BOOKMARK [2][-]{subsection.7.3}{\376\377\000G\000e\000n\000e\000r\000a\000d\000o\000r\000\040\000d\000e\000\040\000I\000m\000a\000g\000e\000n\000\040\000\050\000D\000C\000G\000A\000N\000\051}{section.7}% 29
\BOOKMARK [2][-]{subsection.7.4}{\376\377\000D\000i\000s\000c\000r\000i\000m\000i\000n\000a\000d\000o\000r\000\040\000d\000e\000\040\000I\000m\000a\000g\000e\000n\000\040\000\050\000C\000r\000\355\000t\000i\000c\000o\000\040\000C\000N\000N\000\051}{section.7}% 30
\BOOKMARK [1][-]{section.8}{\376\377\000P\000r\000e\000-\000p\000r\000o\000c\000e\000s\000a\000m\000i\000e\000n\000t\000o\000:\000\040\000B\000e\000t\000a\000\040\000F\000i\000t\000t\000e\000r\000\040\000\050\000G\000a\000u\000s\000s\000-\000N\000e\000w\000t\000o\000n\000\051}{}% 31
\BOOKMARK [1][-]{section.9}{\376\377\000E\000n\000t\000r\000e\000n\000a\000m\000i\000e\000n\000t\000o\000\040\000W\000G\000A\000N\000-\000G\000P}{}% 32
\BOOKMARK [2][-]{subsection.9.1}{\376\377\000H\000i\000p\000e\000r\000p\000a\000r\000\341\000m\000e\000t\000r\000o\000s}{section.9}% 33
\BOOKMARK [2][-]{subsection.9.2}{\376\377\000L\000o\000o\000p\000\040\000d\000e\000\040\000E\000n\000t\000r\000e\000n\000a\000m\000i\000e\000n\000t\000o\000\040\000T\000a\000b\000u\000l\000a\000r}{section.9}% 34
\BOOKMARK [2][-]{subsection.9.3}{\376\377\000G\000r\000a\000d\000i\000e\000n\000t\000\040\000P\000e\000n\000a\000l\000t\000y\000:\000\040\000I\000m\000p\000l\000e\000m\000e\000n\000t\000a\000c\000i\000\363\000n}{section.9}% 35
\BOOKMARK [1][-]{section.10}{\376\377\000I\000n\000f\000e\000r\000e\000n\000c\000i\000a\000\040\000y\000\040\000R\000e\000s\000u\000l\000t\000a\000d\000o\000s}{}% 36
\BOOKMARK [2][-]{subsection.10.1}{\376\377\000I\000n\000f\000e\000r\000e\000n\000c\000i\000a\000\040\000T\000a\000b\000u\000l\000a\000r\000\040\000\050\0002\000D\000\040\000y\000\040\0003\000D\000\051}{section.10}% 37
\BOOKMARK [2][-]{subsection.10.2}{\376\377\000S\000a\000l\000i\000d\000a\000\040\0002\000D\000\040\040\024\000\040\000P\000r\000o\000y\000e\000c\000c\000i\000\363\000n\000\040\000O\000r\000t\000o\000g\000r\000\341\000f\000i\000c\000a}{section.10}% 38
\BOOKMARK [2][-]{subsection.10.3}{\376\377\000S\000a\000l\000i\000d\000a\000\040\0003\000D\000\040\040\024\000\040\000M\000a\000l\000l\000a\000\040\000S\000M\000P\000L}{section.10}% 39
\BOOKMARK [2][-]{subsection.10.4}{\376\377\000G\000r\000i\000d\000\040\000d\000e\000\040\000I\000m\000\341\000g\000e\000n\000e\000s\000\040\000T\000N\000T\0001\0005}{section.10}% 40
\BOOKMARK [1][-]{section.11}{\376\377\000E\000v\000a\000l\000u\000a\000c\000i\000\363\000n\000\040\000d\000e\000\040\000l\000o\000s\000\040\000M\000o\000d\000e\000l\000o\000s}{}% 41
\BOOKMARK [2][-]{subsection.11.1}{\376\377\000E\000v\000a\000l\000u\000a\000c\000i\000\363\000n\000\040\000d\000e\000l\000\040\000P\000i\000p\000e\000l\000i\000n\000e\000\040\000M\000L\000P\000\040\000T\000a\000b\000u\000l\000a\000r\000\040\000\050\000M\000A\000E\000\051}{section.11}% 42
\BOOKMARK [2][-]{subsection.11.2}{\376\377\000E\000v\000a\000l\000u\000a\000c\000i\000\363\000n\000\040\000d\000e\000l\000\040\000T\000a\000b\000\040\000T\000r\000a\000n\000s\000f\000o\000r\000m\000e\000r\000\040\000\050\000F\000I\000D\000\040\000e\000\040\000I\000S\000\051}{section.11}% 43
\BOOKMARK [1][-]{section.12}{\376\377\000R\000e\000f\000l\000e\000x\000i\000\363\000n\000:\000\040\000E\000s\000t\000a\000b\000i\000l\000i\000d\000a\000d\000\040\000y\000\040\000M\000o\000d\000o\000s\000\040\000d\000e\000\040\000F\000a\000l\000l\000o}{}% 44
\BOOKMARK [2][-]{subsection.12.1}{\376\377\000M\000o\000d\000e\000\040\000C\000o\000l\000l\000a\000p\000s\000e}{section.12}% 45
\BOOKMARK [2][-]{subsection.12.2}{\376\377\000G\000r\000a\000d\000i\000e\000n\000t\000e\000s\000\040\000D\000e\000s\000a\000p\000a\000r\000e\000c\000i\000d\000o\000s}{section.12}% 46
\BOOKMARK [2][-]{subsection.12.3}{\376\377\000N\000o\000r\000m\000a\000l\000i\000z\000a\000c\000i\000\363\000n\000\040\000d\000e\000\040\000M\000e\000d\000i\000d\000a\000s}{section.12}% 47
\BOOKMARK [1][-]{section.13}{\376\377\000E\000s\000t\000r\000u\000c\000t\000u\000r\000a\000\040\000d\000e\000l\000\040\000R\000e\000p\000o\000s\000i\000t\000o\000r\000i\000o}{}% 48
\BOOKMARK [1][-]{section.14}{\376\377\000P\000i\000p\000e\000l\000i\000n\000e\000\040\000T\000a\000b\000\040\000T\000r\000a\000n\000s\000f\000o\000r\000m\000e\000r\000:\000\040\000N\000u\000b\000e\000s\000\040\000d\000e\000\040\000P\000u\000n\000t\000o\000s\000\040\000\040\000C\000u\000e\000r\000p\000o\000\040\000S\000M\000P\000L}{}% 49
\BOOKMARK [2][-]{subsection.14.1}{\376\377\000M\000o\000t\000i\000v\000a\000c\000i\000\363\000n\000:\000\040\000\277\000P\000o\000r\000\040\000q\000u\000\351\000\040\000u\000n\000\040\000T\000r\000a\000n\000s\000f\000o\000r\000m\000e\000r\000\040\000s\000o\000b\000r\000e\000\040\000n\000u\000b\000e\000s\000\040\000d\000e\000\040\000p\000u\000n\000t\000o\000s\000?}{section.14}% 50
\BOOKMARK [2][-]{subsection.14.2}{\376\377\000D\000a\000t\000a\000s\000e\000t\000\040\000d\000e\000\040\000N\000u\000b\000e\000s\000\040\000d\000e\000\040\000P\000u\000n\000t\000o\000s}{section.14}% 51
\BOOKMARK [3][-]{subsubsection.14.2.1}{\376\377\000N\000o\000r\000m\000a\000l\000i\000z\000a\000c\000i\000\363\000n\000\040\000d\000e\000\040\000l\000a\000s\000\040\000n\000u\000b\000e\000s\000\040\000d\000e\000\040\000p\000u\000n\000t\000o\000s}{subsection.14.2}% 52
\BOOKMARK [2][-]{subsection.14.3}{\376\377\000G\000e\000n\000e\000r\000a\000d\000o\000r\000\040\000T\000a\000b\000\040\000T\000r\000a\000n\000s\000f\000o\000r\000m\000e\000r}{section.14}% 53
\BOOKMARK [2][-]{subsection.14.4}{\376\377\000D\000i\000s\000c\000r\000i\000m\000i\000n\000a\000d\000o\000r\000\040\000T\000a\000b\000\040\000T\000r\000a\000n\000s\000f\000o\000r\000m\000e\000r}{section.14}% 54
\BOOKMARK [2][-]{subsection.14.5}{\376\377\000H\000i\000p\000e\000r\000p\000a\000r\000\341\000m\000e\000t\000r\000o\000s\000\040\000d\000e\000l\000\040\000T\000a\000b\000\040\000T\000r\000a\000n\000s\000f\000o\000r\000m\000e\000r}{section.14}% 55
\BOOKMARK [2][-]{subsection.14.6}{\376\377\000B\000u\000c\000l\000e\000\040\000d\000e\000\040\000E\000n\000t\000r\000e\000n\000a\000m\000i\000e\000n\000t\000o}{section.14}% 56
\BOOKMARK [2][-]{subsection.14.7}{\376\377\000E\000v\000a\000l\000u\000a\000c\000i\000\363\000n\000:\000\040\000F\000I\000D\000\040\000e\000\040\000I\000n\000c\000e\000p\000t\000i\000o\000n\000\040\000S\000c\000o\000r\000e\000\040\000T\000a\000b\000u\000l\000a\000r\000e\000s}{section.14}% 57
\BOOKMARK [3][-]{subsubsection.14.7.1}{\376\377\000F\000I\000D\000\040\000T\000a\000b\000u\000l\000a\000r\000\040\000\050\000F\000r\000\351\000c\000h\000e\000t\000\040\000I\000n\000c\000e\000p\000t\000i\000o\000n\000\040\000D\000i\000s\000t\000a\000n\000c\000e\000\051}{subsection.14.7}% 58
\BOOKMARK [3][-]{subsubsection.14.7.2}{\376\377\000I\000n\000c\000e\000p\000t\000i\000o\000n\000\040\000S\000c\000o\000r\000e\000\040\000T\000a\000b\000u\000l\000a\000r}{subsection.14.7}% 59
\BOOKMARK [2][-]{subsection.14.8}{\376\377\000R\000e\000s\000u\000l\000t\000a\000d\000o\000s\000\040\000E\000x\000p\000e\000r\000i\000m\000e\000n\000t\000a\000l\000e\000s}{section.14}% 60
\BOOKMARK [3][-]{subsubsection.14.8.1}{\376\377\000A\000n\000\341\000l\000i\000s\000i\000s\000\040\000d\000e\000l\000\040\000F\000I\000D}{subsection.14.8}% 61
\BOOKMARK [3][-]{subsubsection.14.8.2}{\376\377\000A\000n\000\341\000l\000i\000s\000i\000s\000\040\000d\000e\000l\000\040\000I\000n\000c\000e\000p\000t\000i\000o\000n\000\040\000S\000c\000o\000r\000e}{subsection.14.8}% 62
\BOOKMARK [3][-]{subsubsection.14.8.3}{\376\377\000I\000n\000t\000e\000r\000p\000r\000e\000t\000a\000c\000i\000\363\000n\000\040\000y\000\040\000c\000o\000m\000p\000a\000r\000a\000c\000i\000\363\000n\000\040\000c\000o\000n\000\040\000e\000l\000\040\000M\000L\000P}{subsection.14.8}% 63
\BOOKMARK [2][-]{subsection.14.9}{\376\377\000I\000n\000f\000e\000r\000e\000n\000c\000i\000a\000\040\000d\000e\000l\000\040\000T\000a\000b\000\040\000T\000r\000a\000n\000s\000f\000o\000r\000m\000e\000r}{section.14}% 64
\BOOKMARK [2][-]{subsection.14.10}{\376\377\000I\000n\000t\000e\000g\000r\000a\000c\000i\000\363\000n\000\040\000e\000n\000\040\000l\000a\000\040\000C\000L\000I}{section.14}% 65
\BOOKMARK [2][-]{subsection.14.11}{\376\377\000L\000o\000\040\000q\000u\000e\000\040\000d\000e\000l\000i\000b\000e\000r\000a\000d\000a\000m\000e\000n\000t\000e\000\040\000n\000o\000\040\000h\000a\000c\000e\000\040\000e\000s\000t\000e\000\040\000d\000i\000s\000e\000\361\000o}{section.14}% 66
\BOOKMARK [1][-]{section.15}{\376\377\000C\000o\000n\000c\000l\000u\000s\000i\000o\000n\000e\000s}{}% 67
